<?xml version="1.0" encoding="UTF-8"?>
<!-- Generated by org.testng.reporters.JUnitXMLReporter -->
<testsuite ignored="0" hostname="LAPTOP-5GEPKJCV" failures="5" tests="14" name="E-Commerce Tests" time="302.738" errors="0" timestamp="2026-05-07T16:18:32 IST">
  <testcase classname="com.shoppractice.tests.LoginTest" name="verifyLoginFailure" time="0.803"/>
  <testcase classname="com.shoppractice.tests.LoginTest" name="verifyLoginFailure" time="0.787"/>
  <testcase classname="com.shoppractice.tests.LoginTest" name="verifyLogout" time="1.197"/>
  <testcase classname="com.shoppractice.tests.LoginTest" name="verifySuccessfulLogin" time="0.916"/>
  <testcase classname="com.shoppractice.tests.FormValidationTest" name="verifyLoginWithEmptyFields" time="0.335"/>
  <testcase classname="com.shoppractice.tests.ProductListingTest" name="verifyAddToCartAndBadgeUpdate" time="42.797">
    <failure type="java.lang.AssertionError" message="Product not added to cart expected [true] but found [false]">
      <![CDATA[java.lang.AssertionError: Product not added to cart expected [true] but found [false]
at com.shoppractice.tests.ProductListingTest.verifyAddToCartAndBadgeUpdate(ProductListingTest.java:34)
at java.base/java.util.ArrayList.forEach(ArrayList.java:1511)
at java.base/java.util.concurrent.FutureTask.run(FutureTask.java:264)
at java.base/java.util.concurrent.ThreadPoolExecutor.runWorker(ThreadPoolExecutor.java:1136)
at java.base/java.util.concurrent.ThreadPoolExecutor$Worker.run(ThreadPoolExecutor.java:635)
at java.base/java.lang.Thread.run(Thread.java:842)
... Removed 20 stack frames]]>
    </failure>
  </testcase> <!-- verifyAddToCartAndBadgeUpdate -->
  <testcase classname="com.shoppractice.tests.ProductListingTest" name="verifyDashboardLoadsProducts" time="0.878"/>
  <testcase classname="com.shoppractice.tests.ProductListingTest" name="verifyMultipleProductsCanBeAdded" time="44.178">
    <failure type="java.lang.AssertionError" message="expected [true] but found [false]">
      <![CDATA[java.lang.AssertionError: expected [true] but found [false]
at com.shoppractice.tests.ProductListingTest.verifyMultipleProductsCanBeAdded(ProductListingTest.java:44)
at java.base/java.util.ArrayList.forEach(ArrayList.java:1511)
at java.base/java.util.concurrent.FutureTask.run(FutureTask.java:264)
at java.base/java.util.concurrent.ThreadPoolExecutor.runWorker(ThreadPoolExecutor.java:1136)
at java.base/java.util.concurrent.ThreadPoolExecutor$Worker.run(ThreadPoolExecutor.java:635)
at java.base/java.lang.Thread.run(Thread.java:842)
... Removed 21 stack frames]]>
    </failure>
  </testcase> <!-- verifyMultipleProductsCanBeAdded -->
  <testcase classname="com.shoppractice.tests.ProductListingTest" name="verifyProductCardDetails" time="1.059"/>
  <testcase classname="com.shoppractice.tests.ShoppingCartTest" name="verifyCartProducts" time="43.104">
    <failure type="java.lang.AssertionError" message="expected [true] but found [false]">
      <![CDATA[java.lang.AssertionError: expected [true] but found [false]
at com.shoppractice.tests.ShoppingCartTest.verifyCartProducts(ShoppingCartTest.java:18)
at java.base/java.util.ArrayList.forEach(ArrayList.java:1511)
at java.base/java.util.concurrent.FutureTask.run(FutureTask.java:264)
at java.base/java.util.concurrent.ThreadPoolExecutor.runWorker(ThreadPoolExecutor.java:1136)
at java.base/java.util.concurrent.ThreadPoolExecutor$Worker.run(ThreadPoolExecutor.java:635)
at java.base/java.lang.Thread.run(Thread.java:842)
... Removed 21 stack frames]]>
    </failure>
  </testcase> <!-- verifyCartProducts -->
  <testcase classname="com.shoppractice.tests.ShoppingCartTest" name="verifyDeleteProductFromCart" time="55.615"/>
  <testcase classname="com.shoppractice.tests.ShoppingCartTest" name="verifyProceedToCheckout" time="23.045">
    <failure type="org.openqa.selenium.TimeoutException" message="Expected condition failed: waiting for visibility of Proxy element for: DefaultElementLocator &amp;apos;By.cssSelector: .totalRow button&amp;apos; (tried for 10 second(s) with 500 milliseconds interval)">
      <![CDATA[org.openqa.selenium.TimeoutException: Expected condition failed: waiting for visibility of Proxy element for: DefaultElementLocator 'By.cssSelector: .totalRow button' (tried for 10 second(s) with 500 milliseconds interval)
at org.openqa.selenium.support.ui.WebDriverWait.timeoutException(WebDriverWait.java:84)
at org.openqa.selenium.support.ui.FluentWait.until(FluentWait.java:228)
at com.shoppractice.pages.BasePage.waitForElementToAppear(BasePage.java:23)
at com.shoppractice.pages.BasePage.click(BasePage.java:35)
at com.shoppractice.pages.CartPage.goToCheckout(CartPage.java:48)
at com.shoppractice.tests.ShoppingCartTest.verifyProceedToCheckout(ShoppingCartTest.java:38)
at java.base/java.util.ArrayList.forEach(ArrayList.java:1511)
at java.base/java.util.concurrent.FutureTask.run(FutureTask.java:264)
at java.base/java.util.concurrent.ThreadPoolExecutor.runWorker(ThreadPoolExecutor.java:1136)
at java.base/java.util.concurrent.ThreadPoolExecutor$Worker.run(ThreadPoolExecutor.java:635)
at java.base/java.lang.Thread.run(Thread.java:842)
Caused by: org.openqa.selenium.NoSuchElementException: no such element: Unable to locate element: {"method":"css selector","selector":".totalRow button"}
  (Session info: chrome=147.0.7727.102)
For documentation on this error, please visit: https://www.selenium.dev/documentation/webdriver/troubleshooting/errors#no-such-element-exception
Build info: version: '4.18.1', revision: 'b1d3319b48'
System info: os.name: 'Windows 11', os.arch: 'amd64', os.version: '10.0', java.version: '17.0.12'
Driver info: org.openqa.selenium.chrome.ChromeDriver
Command: [8483a21ab3355005bf2a7191a179583f, findElement {using=css selector, value=.totalRow button}]
Capabilities {acceptInsecureCerts: false, browserName: chrome, browserVersion: 147.0.7727.102, chrome: {chromedriverVersion: 147.0.7727.117 (474cc805edd..., userDataDir: C:\Users\RAMKUMAR\AppData\L...}, fedcm:accounts: true, goog:chromeOptions: {debuggerAddress: localhost:64845}, goog:processID: 29140, networkConnectionEnabled: false, pageLoadStrategy: normal, platformName: windows, proxy: Proxy(), se:cdp: ws://localhost:64845/devtoo..., se:cdpVersion: 147.0.7727.102, setWindowRect: true, strictFileInteractability: false, timeouts: {implicit: 0, pageLoad: 300000, script: 30000}, unhandledPromptBehavior: dismiss and notify, webauthn:extension:credBlob: true, webauthn:extension:largeBlob: true, webauthn:extension:minPinLength: true, webauthn:extension:prf: true, webauthn:virtualAuthenticators: true}
Session ID: 8483a21ab3355005bf2a7191a179583f
at org.openqa.selenium.remote.ErrorCodec.decode(ErrorCodec.java:167)
at org.openqa.selenium.remote.codec.w3c.W3CHttpResponseCodec.decode(W3CHttpResponseCodec.java:138)
at org.openqa.selenium.remote.codec.w3c.W3CHttpResponseCodec.decode(W3CHttpResponseCodec.java:50)
at org.openqa.selenium.remote.HttpCommandExecutor.execute(HttpCommandExecutor.java:190)
at org.openqa.selenium.remote.service.DriverCommandExecutor.invokeExecute(DriverCommandExecutor.java:216)
at org.openqa.selenium.remote.service.DriverCommandExecutor.execute(DriverCommandExecutor.java:174)
at org.openqa.selenium.remote.RemoteWebDriver.execute(RemoteWebDriver.java:519)
at org.openqa.selenium.remote.ElementLocation$ElementFinder$2.findElement(ElementLocation.java:165)
at org.openqa.selenium.remote.ElementLocation.findElement(ElementLocation.java:59)
at org.openqa.selenium.remote.RemoteWebDriver.findElement(RemoteWebDriver.java:356)
at org.openqa.selenium.remote.RemoteWebDriver.findElement(RemoteWebDriver.java:350)
at org.openqa.selenium.support.pagefactory.DefaultElementLocator.findElement(DefaultElementLocator.java:68)
at org.openqa.selenium.support.pagefactory.internal.LocatingElementHandler.invoke(LocatingElementHandler.java:38)
at jdk.proxy2/jdk.proxy2.$Proxy12.isDisplayed(Unknown Source)
at org.openqa.selenium.support.ui.ExpectedConditions.elementIfVisible(ExpectedConditions.java:304)
at org.openqa.selenium.support.ui.ExpectedConditions$10.apply(ExpectedConditions.java:290)
at org.openqa.selenium.support.ui.ExpectedConditions$10.apply(ExpectedConditions.java:287)
at org.openqa.selenium.support.ui.FluentWait.until(FluentWait.java:203)
... 26 more
... Removed 22 stack frames]]>
    </failure>
  </testcase> <!-- verifyProceedToCheckout -->
  <testcase classname="com.shoppractice.tests.OrderHistoryTest" name="verifyOrderDetails" time="4.577">
    <failure type="java.lang.AssertionError" message="expected [ZARA COAT 3] but found [69fc6d4ae83610b531cf130a]">
      <![CDATA[java.lang.AssertionError: expected [ZARA COAT 3] but found [69fc6d4ae83610b531cf130a]
at com.shoppractice.tests.OrderHistoryTest.verifyOrderDetails(OrderHistoryTest.java:26)
at java.base/java.util.ArrayList.forEach(ArrayList.java:1511)
at java.base/java.util.concurrent.FutureTask.run(FutureTask.java:264)
at java.base/java.util.concurrent.ThreadPoolExecutor.runWorker(ThreadPoolExecutor.java:1136)
at java.base/java.util.concurrent.ThreadPoolExecutor$Worker.run(ThreadPoolExecutor.java:635)
at java.base/java.lang.Thread.run(Thread.java:842)
... Removed 23 stack frames]]>
    </failure>
  </testcase> <!-- verifyOrderDetails -->
  <testcase classname="com.shoppractice.tests.OrderHistoryTest" name="verifyOrderHistoryDisplay" time="5.605"/>
</testsuite> <!-- E-Commerce Tests -->
