<?xml version="1.0" encoding="UTF-8"?>
<!-- Generated by org.testng.reporters.JUnitReportReporter -->
<testsuite hostname="LAPTOP-5GEPKJCV" failures="0" tests="4" name="com.shoppractice.tests.LoginTest" time="17.186" errors="0" timestamp="2026-05-07T16:18:32 IST" skipped="0">
  <testcase classname="com.shoppractice.tests.LoginTest" name="verifyLoginFailure" time="3.061"/>
  <testcase classname="com.shoppractice.tests.LoginTest" name="verifyLogout" time="4.431"/>
  <testcase classname="com.shoppractice.tests.LoginTest" name="verifySuccessfulLogin" time="5.831"/>
  <testcase classname="com.shoppractice.tests.LoginTest" name="verifyLoginFailure" time="3.863"/>
</testsuite> <!-- com.shoppractice.tests.LoginTest -->
